[     767ms] Error: Minified React error #418; visit https://react.dev/errors/418?args[]=HTML&args[]= for the full message or use the non-minified dev environment for full errors and additional helpful warnings.
    at li (https://beacon.omni.dev/assets/main-DmfErU6n.js:9:31335)
    at cm (https://beacon.omni.dev/assets/main-DmfErU6n.js:9:82946)
    at Hm (https://beacon.omni.dev/assets/main-DmfErU6n.js:9:117291)
    at MS (https://beacon.omni.dev/assets/main-DmfErU6n.js:9:117263)
    at CS (https://beacon.omni.dev/assets/main-DmfErU6n.js:9:117116)
    at Lm (https://beacon.omni.dev/assets/main-DmfErU6n.js:9:112588)
    at Wm (https://beacon.omni.dev/assets/main-DmfErU6n.js:9:124810)
    at MessagePort.Kt (https://beacon.omni.dev/assets/main-DmfErU6n.js:2:10422)
[   81519ms] [ERROR] Failed to load resource: the server responded with a status of 500 () @ https://identity.omni.dev/oauth/authorize?consent_code=sdL9k6NEcC4VFftH0OfGDQRfzvvSWMHQ&client_id=8IXxqKi4mo8OhWoBsvhLxdWgue16NqM&scope=openid+profile+email+offline_access:0
[   81641ms] [ERROR] Error
    at https://identity.omni.dev/oauth/authorize?consent_code=sdL9k6NEcC4VFftH0OfGDQRfzvvSWMHQ&client_id=8IXxqKi4mo8OhWoBsvhLxdWgue16NqM&scope=openid+profile+email+offline_access:62:1564
    at https://identity.omni.dev/oauth/authorize?consent_code=sdL9k6NEcC4VFftH0OfGDQRfzvvSWMHQ&client_id=8IXxqKi4mo8OhWoBsvhLxdWgue16NqM&scope=openid+profile+email+offline_access:62:2344 @ https://identity.omni.dev/assets/main-DMuuxV_M.js:8
[  123941ms] Error: Minified React error #418; visit https://react.dev/errors/418?args[]=HTML&args[]= for the full message or use the non-minified dev environment for full errors and additional helpful warnings.
    at li (https://beacon.omni.dev/assets/main-DmfErU6n.js:9:31335)
    at cm (https://beacon.omni.dev/assets/main-DmfErU6n.js:9:82946)
    at Hm (https://beacon.omni.dev/assets/main-DmfErU6n.js:9:117291)
    at MS (https://beacon.omni.dev/assets/main-DmfErU6n.js:9:117263)
    at CS (https://beacon.omni.dev/assets/main-DmfErU6n.js:9:117116)
    at Lm (https://beacon.omni.dev/assets/main-DmfErU6n.js:9:112588)
    at Wm (https://beacon.omni.dev/assets/main-DmfErU6n.js:9:124810)
    at MessagePort.Kt (https://beacon.omni.dev/assets/main-DmfErU6n.js:2:10422)
[  124845ms] [ERROR] Failed to load resource: the server responded with a status of 502 () @ https://beacon.omni.dev/gateway/api/status:0
[  124846ms] [ERROR] Failed to load resource: the server responded with a status of 502 () @ https://beacon.omni.dev/gateway/api/personas:0
[  124846ms] [ERROR] Failed to load resource: the server responded with a status of 502 () @ https://beacon.omni.dev/gateway/api/persona:0
[  125916ms] [ERROR] Failed to load resource: the server responded with a status of 502 () @ https://beacon.omni.dev/gateway/api/persona:0
[  126916ms] [ERROR] Failed to load resource: the server responded with a status of 502 () @ https://beacon.omni.dev/gateway/api/personas:0
[  127821ms] Error: Minified React error #418; visit https://react.dev/errors/418?args[]=HTML&args[]= for the full message or use the non-minified dev environment for full errors and additional helpful warnings.
    at li (https://beacon.omni.dev/assets/main-DmfErU6n.js:9:31335)
    at cm (https://beacon.omni.dev/assets/main-DmfErU6n.js:9:82946)
    at Hm (https://beacon.omni.dev/assets/main-DmfErU6n.js:9:117291)
    at MS (https://beacon.omni.dev/assets/main-DmfErU6n.js:9:117263)
    at CS (https://beacon.omni.dev/assets/main-DmfErU6n.js:9:117116)
    at Lm (https://beacon.omni.dev/assets/main-DmfErU6n.js:9:112588)
    at Wm (https://beacon.omni.dev/assets/main-DmfErU6n.js:9:124810)
    at MessagePort.Kt (https://beacon.omni.dev/assets/main-DmfErU6n.js:2:10422)
